2025-07-17 12:09:41,017 - src.gui.main_window - ERROR - Device not found: No QUANTUM-PCI device found
2025-07-17 14:07:43,924 - src.core.device - INFO - Starting safe device detection...
2025-07-17 14:07:43,925 - src.core.device - WARNING - Timecard directory not found or not accessible
2025-07-17 14:07:48,727 - src.core.device - INFO - Starting safe device detection...
2025-07-17 14:07:48,727 - src.core.device - INFO - Using specified device path: /tmp/mock_timecard/ocp0
2025-07-18 12:24:38,920 - src.core.device - INFO - Starting safe device detection...
2025-07-18 12:24:38,921 - src.core.device - WARNING - Timecard directory not found or not accessible
2025-07-18 12:25:12,049 - src.core.device - INFO - Starting safe device detection...
2025-07-18 12:25:12,050 - src.core.device - INFO - Using specified device path: test_device
2025-07-18 12:25:12,050 - src.core.device - WARNING - GNSS not synchronized
2025-07-18 13:07:04,064 - src.core.device - INFO - Starting safe device detection...
2025-07-18 13:07:16,710 - src.core.device - INFO - Starting safe device detection...
2025-07-18 13:07:16,710 - src.core.device - INFO - Using specified device path: /tmp/test_quantum_device
2025-07-18 14:51:37,328 - src.core.device - INFO - Starting safe device detection...
2025-07-18 14:51:37,328 - src.core.device - INFO - Using specified device path: test_device
2025-07-18 14:51:37,329 - src.core.device - WARNING - GNSS not synchronized
2025-07-21 07:19:19,382 - src.core.device - INFO - Starting safe device detection...
2025-07-21 07:19:19,382 - src.core.device - WARNING - Timecard directory not found or not accessible
2025-07-21 13:03:09,192 - src.core.device - INFO - Starting safe device detection...
2025-07-21 13:03:09,192 - src.core.device - INFO - Using specified device path: test_device
2025-07-21 13:06:15,766 - src.core.device - INFO - Starting safe device detection...
2025-07-21 13:06:15,766 - src.core.device - WARNING - Timecard directory not found or not accessible
2025-07-21 13:06:22,309 - src.core.device - INFO - Starting safe device detection...
2025-07-21 13:06:22,309 - src.core.device - INFO - Using specified device path: test_device
2025-07-21 13:06:22,310 - src.api.status_reader - INFO - Device attribute scan complete: 6 categories found
2025-07-21 13:09:05,849 - src.core.device - INFO - Starting safe device detection...
2025-07-21 13:09:05,850 - src.core.device - WARNING - Timecard directory not found or not accessible
2025-07-21 13:09:17,225 - src.core.device - INFO - Starting safe device detection...
2025-07-21 13:09:17,225 - src.core.device - INFO - Using specified device path: test_device
2025-07-21 13:09:17,226 - src.api.status_reader - INFO - Device attribute scan complete: 6 categories found
